Analysis & Synthesis report for Machine
Mon Jan 14 18:21:47 2019
Quartus Prime Version 17.1.0 Build 590 10/25/2017 SJ Lite Edition


---------------------
; Table of Contents ;
---------------------
  1. Legal Notice
  2. Analysis & Synthesis Summary
  3. Analysis & Synthesis Settings
  4. Parallel Compilation
  5. Analysis & Synthesis Source Files Read
  6. Analysis & Synthesis Resource Usage Summary
  7. Analysis & Synthesis Resource Utilization by Entity
  8. Registers Removed During Synthesis
  9. General Register Statistics
 10. Multiplexer Restructuring Statistics (Restructuring Performed)
 11. Post-Synthesis Netlist Statistics for Top Partition
 12. Elapsed Time Per Partition
 13. Analysis & Synthesis Messages



----------------
; Legal Notice ;
----------------
Copyright (C) 2017  Intel Corporation. All rights reserved.
Your use of Intel Corporation's design tools, logic functions 
and other software and tools, and its AMPP partner logic 
functions, and any output files from any of the foregoing 
(including device programming or simulation files), and any 
associated documentation or information are expressly subject 
to the terms and conditions of the Intel Program License 
Subscription Agreement, the Intel Quartus Prime License Agreement,
the Intel FPGA IP License Agreement, or other applicable license
agreement, including, without limitation, that your use is for
the sole purpose of programming logic devices manufactured by
Intel and sold by Intel or its authorized distributors.  Please
refer to the applicable agreement for further details.



+----------------------------------------------------------------------------------+
; Analysis & Synthesis Summary                                                     ;
+------------------------------------+---------------------------------------------+
; Analysis & Synthesis Status        ; Successful - Mon Jan 14 18:21:46 2019       ;
; Quartus Prime Version              ; 17.1.0 Build 590 10/25/2017 SJ Lite Edition ;
; Revision Name                      ; Machine                                     ;
; Top-level Entity Name              ; Machine                                     ;
; Family                             ; Cyclone IV E                                ;
; Total logic elements               ; 1,485                                       ;
;     Total combinational functions  ; 957                                         ;
;     Dedicated logic registers      ; 544                                         ;
; Total registers                    ; 544                                         ;
; Total pins                         ; 50                                          ;
; Total virtual pins                 ; 0                                           ;
; Total memory bits                  ; 0                                           ;
; Embedded Multiplier 9-bit elements ; 0                                           ;
; Total PLLs                         ; 0                                           ;
+------------------------------------+---------------------------------------------+


+----------------------------------------------------------------------------------------------------------------------+
; Analysis & Synthesis Settings                                                                                        ;
+----------------------------------------------------------------------------+--------------------+--------------------+
; Option                                                                     ; Setting            ; Default Value      ;
+----------------------------------------------------------------------------+--------------------+--------------------+
; Device                                                                     ; EP4CE30F23I7       ;                    ;
; Top-level entity name                                                      ; Machine            ; Machine            ;
; Family name                                                                ; Cyclone IV E       ; Cyclone V          ;
; Use smart compilation                                                      ; Off                ; Off                ;
; Enable parallel Assembler and TimeQuest Timing Analyzer during compilation ; On                 ; On                 ;
; Enable compact report table                                                ; Off                ; Off                ;
; Restructure Multiplexers                                                   ; Auto               ; Auto               ;
; Create Debugging Nodes for IP Cores                                        ; Off                ; Off                ;
; Preserve fewer node names                                                  ; On                 ; On                 ;
; Intel FPGA IP Evaluation Mode                                              ; Enable             ; Enable             ;
; Verilog Version                                                            ; Verilog_2001       ; Verilog_2001       ;
; VHDL Version                                                               ; VHDL_1993          ; VHDL_1993          ;
; State Machine Processing                                                   ; Auto               ; Auto               ;
; Safe State Machine                                                         ; Off                ; Off                ;
; Extract Verilog State Machines                                             ; On                 ; On                 ;
; Extract VHDL State Machines                                                ; On                 ; On                 ;
; Ignore Verilog initial constructs                                          ; Off                ; Off                ;
; Iteration limit for constant Verilog loops                                 ; 5000               ; 5000               ;
; Iteration limit for non-constant Verilog loops                             ; 250                ; 250                ;
; Add Pass-Through Logic to Inferred RAMs                                    ; On                 ; On                 ;
; Infer RAMs from Raw Logic                                                  ; On                 ; On                 ;
; Parallel Synthesis                                                         ; On                 ; On                 ;
; DSP Block Balancing                                                        ; Auto               ; Auto               ;
; NOT Gate Push-Back                                                         ; On                 ; On                 ;
; Power-Up Don't Care                                                        ; On                 ; On                 ;
; Remove Redundant Logic Cells                                               ; Off                ; Off                ;
; Remove Duplicate Registers                                                 ; On                 ; On                 ;
; Ignore CARRY Buffers                                                       ; Off                ; Off                ;
; Ignore CASCADE Buffers                                                     ; Off                ; Off                ;
; Ignore GLOBAL Buffers                                                      ; Off                ; Off                ;
; Ignore ROW GLOBAL Buffers                                                  ; Off                ; Off                ;
; Ignore LCELL Buffers                                                       ; Off                ; Off                ;
; Ignore SOFT Buffers                                                        ; On                 ; On                 ;
; Limit AHDL Integers to 32 Bits                                             ; Off                ; Off                ;
; Optimization Technique                                                     ; Balanced           ; Balanced           ;
; Carry Chain Length                                                         ; 70                 ; 70                 ;
; Auto Carry Chains                                                          ; On                 ; On                 ;
; Auto Open-Drain Pins                                                       ; On                 ; On                 ;
; Perform WYSIWYG Primitive Resynthesis                                      ; Off                ; Off                ;
; Auto ROM Replacement                                                       ; On                 ; On                 ;
; Auto RAM Replacement                                                       ; On                 ; On                 ;
; Auto DSP Block Replacement                                                 ; On                 ; On                 ;
; Auto Shift Register Replacement                                            ; Auto               ; Auto               ;
; Allow Shift Register Merging across Hierarchies                            ; Auto               ; Auto               ;
; Auto Clock Enable Replacement                                              ; On                 ; On                 ;
; Strict RAM Replacement                                                     ; Off                ; Off                ;
; Allow Synchronous Control Signals                                          ; On                 ; On                 ;
; Force Use of Synchronous Clear Signals                                     ; Off                ; Off                ;
; Auto RAM Block Balancing                                                   ; On                 ; On                 ;
; Auto RAM to Logic Cell Conversion                                          ; Off                ; Off                ;
; Auto Resource Sharing                                                      ; Off                ; Off                ;
; Allow Any RAM Size For Recognition                                         ; Off                ; Off                ;
; Allow Any ROM Size For Recognition                                         ; Off                ; Off                ;
; Allow Any Shift Register Size For Recognition                              ; Off                ; Off                ;
; Use LogicLock Constraints during Resource Balancing                        ; On                 ; On                 ;
; Ignore translate_off and synthesis_off directives                          ; Off                ; Off                ;
; Timing-Driven Synthesis                                                    ; On                 ; On                 ;
; Report Parameter Settings                                                  ; On                 ; On                 ;
; Report Source Assignments                                                  ; On                 ; On                 ;
; Report Connectivity Checks                                                 ; On                 ; On                 ;
; Ignore Maximum Fan-Out Assignments                                         ; Off                ; Off                ;
; Synchronization Register Chain Length                                      ; 2                  ; 2                  ;
; Power Optimization During Synthesis                                        ; Normal compilation ; Normal compilation ;
; HDL message level                                                          ; Level2             ; Level2             ;
; Suppress Register Optimization Related Messages                            ; Off                ; Off                ;
; Number of Removed Registers Reported in Synthesis Report                   ; 5000               ; 5000               ;
; Number of Swept Nodes Reported in Synthesis Report                         ; 5000               ; 5000               ;
; Number of Inverted Registers Reported in Synthesis Report                  ; 100                ; 100                ;
; Clock MUX Protection                                                       ; On                 ; On                 ;
; Auto Gated Clock Conversion                                                ; Off                ; Off                ;
; Block Design Naming                                                        ; Auto               ; Auto               ;
; SDC constraint protection                                                  ; Off                ; Off                ;
; Synthesis Effort                                                           ; Auto               ; Auto               ;
; Shift Register Replacement - Allow Asynchronous Clear Signal               ; On                 ; On                 ;
; Pre-Mapping Resynthesis Optimization                                       ; Off                ; Off                ;
; Analysis & Synthesis Message Level                                         ; Medium             ; Medium             ;
; Disable Register Merging Across Hierarchies                                ; Auto               ; Auto               ;
; Resource Aware Inference For Block RAM                                     ; On                 ; On                 ;
+----------------------------------------------------------------------------+--------------------+--------------------+


+------------------------------------------+
; Parallel Compilation                     ;
+----------------------------+-------------+
; Processors                 ; Number      ;
+----------------------------+-------------+
; Number detected on machine ; 4           ;
; Maximum allowed            ; 2           ;
;                            ;             ;
; Average used               ; 1.00        ;
; Maximum used               ; 2           ;
;                            ;             ;
; Usage by Processor         ; % Time Used ;
;     Processor 1            ; 100.0%      ;
;     Processor 2            ;   0.1%      ;
+----------------------------+-------------+


+-----------------------------------------------------------------------------------------------------------------------------------------------------------+
; Analysis & Synthesis Source Files Read                                                                                                                    ;
+-----------------------------------+-----------------+------------------------------------+------------------------------------------------------+---------+
; File Name with User-Entered Path  ; Used in Netlist ; File Type                          ; File Name with Absolute Path                         ; Library ;
+-----------------------------------+-----------------+------------------------------------+------------------------------------------------------+---------+
; ../Mission1/carry_lookahead.bdf   ; yes             ; User Block Diagram/Schematic File  ; D:/Public/FPGA/CAD/Mission1/carry_lookahead.bdf      ;         ;
; ../Mission1/16bit_xor.bdf         ; yes             ; User Block Diagram/Schematic File  ; D:/Public/FPGA/CAD/Mission1/16bit_xor.bdf            ;         ;
; ../Mission1/16bit_fulladder.bdf   ; yes             ; User Block Diagram/Schematic File  ; D:/Public/FPGA/CAD/Mission1/16bit_fulladder.bdf      ;         ;
; ../Mission1/16bit_flipsign.bdf    ; yes             ; User Block Diagram/Schematic File  ; D:/Public/FPGA/CAD/Mission1/16bit_flipsign.bdf       ;         ;
; ../Mission1/2bit_BCLA.bdf         ; yes             ; User Block Diagram/Schematic File  ; D:/Public/FPGA/CAD/Mission1/2bit_BCLA.bdf            ;         ;
; ../Mission1/16bit_or.bdf          ; yes             ; User Block Diagram/Schematic File  ; D:/Public/FPGA/CAD/Mission1/16bit_or.bdf             ;         ;
; ../Mission1/16bit_and.bdf         ; yes             ; User Block Diagram/Schematic File  ; D:/Public/FPGA/CAD/Mission1/16bit_and.bdf            ;         ;
; ../Mission1/ALU.bdf               ; yes             ; User Block Diagram/Schematic File  ; D:/Public/FPGA/CAD/Mission1/ALU.bdf                  ;         ;
; ../Mission1/simplemultiplexor.bdf ; yes             ; User Block Diagram/Schematic File  ; D:/Public/FPGA/CAD/Mission1/simplemultiplexor.bdf    ;         ;
; Machine.bdf                       ; yes             ; User Block Diagram/Schematic File  ; D:/Public/FPGA/CAD/Mission2/Machine.bdf              ;         ;
; register.bdf                      ; yes             ; User Block Diagram/Schematic File  ; D:/Public/FPGA/CAD/Mission2/register.bdf             ;         ;
; 16bit_register_1part.bdf          ; yes             ; User Block Diagram/Schematic File  ; D:/Public/FPGA/CAD/Mission2/16bit_register_1part.bdf ;         ;
; select_convayer.bdf               ; yes             ; User Block Diagram/Schematic File  ; D:/Public/FPGA/CAD/Mission2/select_convayer.bdf      ;         ;
; 5bit_switch.bdf                   ; yes             ; User Block Diagram/Schematic File  ; D:/Public/FPGA/CAD/Mission2/5bit_switch.bdf          ;         ;
; commandor.bdf                     ; yes             ; User Block Diagram/Schematic File  ; D:/Public/FPGA/CAD/Mission2/commandor.bdf            ;         ;
; 5bit_multiplexor.bdf              ; yes             ; User Block Diagram/Schematic File  ; D:/Public/FPGA/CAD/Mission2/5bit_multiplexor.bdf     ;         ;
+-----------------------------------+-----------------+------------------------------------+------------------------------------------------------+---------+


+-----------------------------------------------------------+
; Analysis & Synthesis Resource Usage Summary               ;
+---------------------------------------------+-------------+
; Resource                                    ; Usage       ;
+---------------------------------------------+-------------+
; Estimated Total logic elements              ; 1,485       ;
;                                             ;             ;
; Total combinational functions               ; 957         ;
; Logic element usage by number of LUT inputs ;             ;
;     -- 4 input functions                    ; 840         ;
;     -- 3 input functions                    ; 63          ;
;     -- <=2 input functions                  ; 54          ;
;                                             ;             ;
; Logic elements by mode                      ;             ;
;     -- normal mode                          ; 957         ;
;     -- arithmetic mode                      ; 0           ;
;                                             ;             ;
; Total registers                             ; 544         ;
;     -- Dedicated logic registers            ; 544         ;
;     -- I/O registers                        ; 0           ;
;                                             ;             ;
; I/O pins                                    ; 50          ;
;                                             ;             ;
; Embedded Multiplier 9-bit elements          ; 0           ;
;                                             ;             ;
; Maximum fan-out node                        ; power~input ;
; Maximum fan-out                             ; 544         ;
; Total fan-out                               ; 5355        ;
; Average fan-out                             ; 3.34        ;
+---------------------------------------------+-------------+


+----------------------------------------------------------------------------------------------------------------------------------------------------------------------------------------------------------------------------------------------------------------------------------------+
; Analysis & Synthesis Resource Utilization by Entity                                                                                                                                                                                                                                    ;
+-------------------------------------+---------------------+---------------------------+-------------+--------------+---------+-----------+------+--------------+---------------------------------------------------------------------------------+----------------------+--------------+
; Compilation Hierarchy Node          ; Combinational ALUTs ; Dedicated Logic Registers ; Memory Bits ; DSP Elements ; DSP 9x9 ; DSP 18x18 ; Pins ; Virtual Pins ; Full Hierarchy Name                                                             ; Entity Name          ; Library Name ;
+-------------------------------------+---------------------+---------------------------+-------------+--------------+---------+-----------+------+--------------+---------------------------------------------------------------------------------+----------------------+--------------+
; |Machine                            ; 957 (0)             ; 544 (32)                  ; 0           ; 0            ; 0       ; 0         ; 50   ; 0            ; |Machine                                                                        ; Machine              ; work         ;
;    |16bit_register_1part:inst6|     ; 0 (0)               ; 16 (16)                   ; 0           ; 0            ; 0       ; 0         ; 0    ; 0            ; |Machine|16bit_register_1part:inst6                                             ; 16bit_register_1part ; work         ;
;    |5bit_multiplexor:inst7|         ; 5 (5)               ; 0 (0)                     ; 0           ; 0            ; 0       ; 0         ; 0    ; 0            ; |Machine|5bit_multiplexor:inst7                                                 ; 5bit_multiplexor     ; work         ;
;    |ALU:inst5|                      ; 160 (0)             ; 0 (0)                     ; 0           ; 0            ; 0       ; 0         ; 0    ; 0            ; |Machine|ALU:inst5                                                              ; ALU                  ; work         ;
;       |16bit_flipsign:inst17|       ; 22 (0)              ; 0 (0)                     ; 0           ; 0            ; 0       ; 0         ; 0    ; 0            ; |Machine|ALU:inst5|16bit_flipsign:inst17                                        ; 16bit_flipsign       ; work         ;
;          |16bit_fulladder:inst3|    ; 22 (14)             ; 0 (0)                     ; 0           ; 0            ; 0       ; 0         ; 0    ; 0            ; |Machine|ALU:inst5|16bit_flipsign:inst17|16bit_fulladder:inst3                  ; 16bit_fulladder      ; work         ;
;             |2bit_BCLA:inst10|      ; 1 (1)               ; 0 (0)                     ; 0           ; 0            ; 0       ; 0         ; 0    ; 0            ; |Machine|ALU:inst5|16bit_flipsign:inst17|16bit_fulladder:inst3|2bit_BCLA:inst10 ; 2bit_BCLA            ; work         ;
;             |2bit_BCLA:inst11|      ; 2 (2)               ; 0 (0)                     ; 0           ; 0            ; 0       ; 0         ; 0    ; 0            ; |Machine|ALU:inst5|16bit_flipsign:inst17|16bit_fulladder:inst3|2bit_BCLA:inst11 ; 2bit_BCLA            ; work         ;
;             |2bit_BCLA:inst12|      ; 2 (2)               ; 0 (0)                     ; 0           ; 0            ; 0       ; 0         ; 0    ; 0            ; |Machine|ALU:inst5|16bit_flipsign:inst17|16bit_fulladder:inst3|2bit_BCLA:inst12 ; 2bit_BCLA            ; work         ;
;             |2bit_BCLA:inst7|       ; 1 (1)               ; 0 (0)                     ; 0           ; 0            ; 0       ; 0         ; 0    ; 0            ; |Machine|ALU:inst5|16bit_flipsign:inst17|16bit_fulladder:inst3|2bit_BCLA:inst7  ; 2bit_BCLA            ; work         ;
;             |2bit_BCLA:inst8|       ; 1 (1)               ; 0 (0)                     ; 0           ; 0            ; 0       ; 0         ; 0    ; 0            ; |Machine|ALU:inst5|16bit_flipsign:inst17|16bit_fulladder:inst3|2bit_BCLA:inst8  ; 2bit_BCLA            ; work         ;
;             |2bit_BCLA:inst|        ; 1 (1)               ; 0 (0)                     ; 0           ; 0            ; 0       ; 0         ; 0    ; 0            ; |Machine|ALU:inst5|16bit_flipsign:inst17|16bit_fulladder:inst3|2bit_BCLA:inst   ; 2bit_BCLA            ; work         ;
;       |16bit_fulladder:inst16|      ; 39 (1)              ; 0 (0)                     ; 0           ; 0            ; 0       ; 0         ; 0    ; 0            ; |Machine|ALU:inst5|16bit_fulladder:inst16                                       ; 16bit_fulladder      ; work         ;
;          |2bit_BCLA:inst10|         ; 3 (3)               ; 0 (0)                     ; 0           ; 0            ; 0       ; 0         ; 0    ; 0            ; |Machine|ALU:inst5|16bit_fulladder:inst16|2bit_BCLA:inst10                      ; 2bit_BCLA            ; work         ;
;          |2bit_BCLA:inst11|         ; 1 (1)               ; 0 (0)                     ; 0           ; 0            ; 0       ; 0         ; 0    ; 0            ; |Machine|ALU:inst5|16bit_fulladder:inst16|2bit_BCLA:inst11                      ; 2bit_BCLA            ; work         ;
;          |2bit_BCLA:inst12|         ; 1 (1)               ; 0 (0)                     ; 0           ; 0            ; 0       ; 0         ; 0    ; 0            ; |Machine|ALU:inst5|16bit_fulladder:inst16|2bit_BCLA:inst12                      ; 2bit_BCLA            ; work         ;
;          |2bit_BCLA:inst13|         ; 1 (1)               ; 0 (0)                     ; 0           ; 0            ; 0       ; 0         ; 0    ; 0            ; |Machine|ALU:inst5|16bit_fulladder:inst16|2bit_BCLA:inst13                      ; 2bit_BCLA            ; work         ;
;          |2bit_BCLA:inst1|          ; 2 (2)               ; 0 (0)                     ; 0           ; 0            ; 0       ; 0         ; 0    ; 0            ; |Machine|ALU:inst5|16bit_fulladder:inst16|2bit_BCLA:inst1                       ; 2bit_BCLA            ; work         ;
;          |2bit_BCLA:inst2|          ; 2 (2)               ; 0 (0)                     ; 0           ; 0            ; 0       ; 0         ; 0    ; 0            ; |Machine|ALU:inst5|16bit_fulladder:inst16|2bit_BCLA:inst2                       ; 2bit_BCLA            ; work         ;
;          |2bit_BCLA:inst3|          ; 2 (2)               ; 0 (0)                     ; 0           ; 0            ; 0       ; 0         ; 0    ; 0            ; |Machine|ALU:inst5|16bit_fulladder:inst16|2bit_BCLA:inst3                       ; 2bit_BCLA            ; work         ;
;          |2bit_BCLA:inst4|          ; 2 (2)               ; 0 (0)                     ; 0           ; 0            ; 0       ; 0         ; 0    ; 0            ; |Machine|ALU:inst5|16bit_fulladder:inst16|2bit_BCLA:inst4                       ; 2bit_BCLA            ; work         ;
;          |2bit_BCLA:inst5|          ; 2 (2)               ; 0 (0)                     ; 0           ; 0            ; 0       ; 0         ; 0    ; 0            ; |Machine|ALU:inst5|16bit_fulladder:inst16|2bit_BCLA:inst5                       ; 2bit_BCLA            ; work         ;
;          |2bit_BCLA:inst6|          ; 2 (2)               ; 0 (0)                     ; 0           ; 0            ; 0       ; 0         ; 0    ; 0            ; |Machine|ALU:inst5|16bit_fulladder:inst16|2bit_BCLA:inst6                       ; 2bit_BCLA            ; work         ;
;          |2bit_BCLA:inst7|          ; 1 (1)               ; 0 (0)                     ; 0           ; 0            ; 0       ; 0         ; 0    ; 0            ; |Machine|ALU:inst5|16bit_fulladder:inst16|2bit_BCLA:inst7                       ; 2bit_BCLA            ; work         ;
;          |2bit_BCLA:inst8|          ; 1 (1)               ; 0 (0)                     ; 0           ; 0            ; 0       ; 0         ; 0    ; 0            ; |Machine|ALU:inst5|16bit_fulladder:inst16|2bit_BCLA:inst8                       ; 2bit_BCLA            ; work         ;
;          |2bit_BCLA:inst9|          ; 4 (4)               ; 0 (0)                     ; 0           ; 0            ; 0       ; 0         ; 0    ; 0            ; |Machine|ALU:inst5|16bit_fulladder:inst16|2bit_BCLA:inst9                       ; 2bit_BCLA            ; work         ;
;          |2bit_BCLA:inst|           ; 1 (1)               ; 0 (0)                     ; 0           ; 0            ; 0       ; 0         ; 0    ; 0            ; |Machine|ALU:inst5|16bit_fulladder:inst16|2bit_BCLA:inst                        ; 2bit_BCLA            ; work         ;
;          |carry_lookahead:inst16|   ; 1 (1)               ; 0 (0)                     ; 0           ; 0            ; 0       ; 0         ; 0    ; 0            ; |Machine|ALU:inst5|16bit_fulladder:inst16|carry_lookahead:inst16                ; carry_lookahead      ; work         ;
;          |carry_lookahead:inst18|   ; 2 (2)               ; 0 (0)                     ; 0           ; 0            ; 0       ; 0         ; 0    ; 0            ; |Machine|ALU:inst5|16bit_fulladder:inst16|carry_lookahead:inst18                ; carry_lookahead      ; work         ;
;          |carry_lookahead:inst19|   ; 1 (1)               ; 0 (0)                     ; 0           ; 0            ; 0       ; 0         ; 0    ; 0            ; |Machine|ALU:inst5|16bit_fulladder:inst16|carry_lookahead:inst19                ; carry_lookahead      ; work         ;
;          |carry_lookahead:inst20|   ; 1 (1)               ; 0 (0)                     ; 0           ; 0            ; 0       ; 0         ; 0    ; 0            ; |Machine|ALU:inst5|16bit_fulladder:inst16|carry_lookahead:inst20                ; carry_lookahead      ; work         ;
;          |carry_lookahead:inst21|   ; 1 (1)               ; 0 (0)                     ; 0           ; 0            ; 0       ; 0         ; 0    ; 0            ; |Machine|ALU:inst5|16bit_fulladder:inst16|carry_lookahead:inst21                ; carry_lookahead      ; work         ;
;          |carry_lookahead:inst22|   ; 1 (1)               ; 0 (0)                     ; 0           ; 0            ; 0       ; 0         ; 0    ; 0            ; |Machine|ALU:inst5|16bit_fulladder:inst16|carry_lookahead:inst22                ; carry_lookahead      ; work         ;
;          |carry_lookahead:inst24|   ; 2 (2)               ; 0 (0)                     ; 0           ; 0            ; 0       ; 0         ; 0    ; 0            ; |Machine|ALU:inst5|16bit_fulladder:inst16|carry_lookahead:inst24                ; carry_lookahead      ; work         ;
;          |carry_lookahead:inst26|   ; 1 (1)               ; 0 (0)                     ; 0           ; 0            ; 0       ; 0         ; 0    ; 0            ; |Machine|ALU:inst5|16bit_fulladder:inst16|carry_lookahead:inst26                ; carry_lookahead      ; work         ;
;          |carry_lookahead:inst28|   ; 2 (2)               ; 0 (0)                     ; 0           ; 0            ; 0       ; 0         ; 0    ; 0            ; |Machine|ALU:inst5|16bit_fulladder:inst16|carry_lookahead:inst28                ; carry_lookahead      ; work         ;
;          |carry_lookahead:inst29|   ; 1 (1)               ; 0 (0)                     ; 0           ; 0            ; 0       ; 0         ; 0    ; 0            ; |Machine|ALU:inst5|16bit_fulladder:inst16|carry_lookahead:inst29                ; carry_lookahead      ; work         ;
;       |16bit_fulladder:inst|        ; 36 (1)              ; 0 (0)                     ; 0           ; 0            ; 0       ; 0         ; 0    ; 0            ; |Machine|ALU:inst5|16bit_fulladder:inst                                         ; 16bit_fulladder      ; work         ;
;          |2bit_BCLA:inst10|         ; 3 (3)               ; 0 (0)                     ; 0           ; 0            ; 0       ; 0         ; 0    ; 0            ; |Machine|ALU:inst5|16bit_fulladder:inst|2bit_BCLA:inst10                        ; 2bit_BCLA            ; work         ;
;          |2bit_BCLA:inst11|         ; 2 (2)               ; 0 (0)                     ; 0           ; 0            ; 0       ; 0         ; 0    ; 0            ; |Machine|ALU:inst5|16bit_fulladder:inst|2bit_BCLA:inst11                        ; 2bit_BCLA            ; work         ;
;          |2bit_BCLA:inst12|         ; 1 (1)               ; 0 (0)                     ; 0           ; 0            ; 0       ; 0         ; 0    ; 0            ; |Machine|ALU:inst5|16bit_fulladder:inst|2bit_BCLA:inst12                        ; 2bit_BCLA            ; work         ;
;          |2bit_BCLA:inst13|         ; 3 (3)               ; 0 (0)                     ; 0           ; 0            ; 0       ; 0         ; 0    ; 0            ; |Machine|ALU:inst5|16bit_fulladder:inst|2bit_BCLA:inst13                        ; 2bit_BCLA            ; work         ;
;          |2bit_BCLA:inst1|          ; 2 (2)               ; 0 (0)                     ; 0           ; 0            ; 0       ; 0         ; 0    ; 0            ; |Machine|ALU:inst5|16bit_fulladder:inst|2bit_BCLA:inst1                         ; 2bit_BCLA            ; work         ;
;          |2bit_BCLA:inst2|          ; 2 (2)               ; 0 (0)                     ; 0           ; 0            ; 0       ; 0         ; 0    ; 0            ; |Machine|ALU:inst5|16bit_fulladder:inst|2bit_BCLA:inst2                         ; 2bit_BCLA            ; work         ;
;          |2bit_BCLA:inst3|          ; 2 (2)               ; 0 (0)                     ; 0           ; 0            ; 0       ; 0         ; 0    ; 0            ; |Machine|ALU:inst5|16bit_fulladder:inst|2bit_BCLA:inst3                         ; 2bit_BCLA            ; work         ;
;          |2bit_BCLA:inst4|          ; 2 (2)               ; 0 (0)                     ; 0           ; 0            ; 0       ; 0         ; 0    ; 0            ; |Machine|ALU:inst5|16bit_fulladder:inst|2bit_BCLA:inst4                         ; 2bit_BCLA            ; work         ;
;          |2bit_BCLA:inst5|          ; 2 (2)               ; 0 (0)                     ; 0           ; 0            ; 0       ; 0         ; 0    ; 0            ; |Machine|ALU:inst5|16bit_fulladder:inst|2bit_BCLA:inst5                         ; 2bit_BCLA            ; work         ;
;          |2bit_BCLA:inst6|          ; 3 (3)               ; 0 (0)                     ; 0           ; 0            ; 0       ; 0         ; 0    ; 0            ; |Machine|ALU:inst5|16bit_fulladder:inst|2bit_BCLA:inst6                         ; 2bit_BCLA            ; work         ;
;          |2bit_BCLA:inst7|          ; 1 (1)               ; 0 (0)                     ; 0           ; 0            ; 0       ; 0         ; 0    ; 0            ; |Machine|ALU:inst5|16bit_fulladder:inst|2bit_BCLA:inst7                         ; 2bit_BCLA            ; work         ;
;          |2bit_BCLA:inst8|          ; 2 (2)               ; 0 (0)                     ; 0           ; 0            ; 0       ; 0         ; 0    ; 0            ; |Machine|ALU:inst5|16bit_fulladder:inst|2bit_BCLA:inst8                         ; 2bit_BCLA            ; work         ;
;          |2bit_BCLA:inst9|          ; 3 (3)               ; 0 (0)                     ; 0           ; 0            ; 0       ; 0         ; 0    ; 0            ; |Machine|ALU:inst5|16bit_fulladder:inst|2bit_BCLA:inst9                         ; 2bit_BCLA            ; work         ;
;          |2bit_BCLA:inst|           ; 1 (1)               ; 0 (0)                     ; 0           ; 0            ; 0       ; 0         ; 0    ; 0            ; |Machine|ALU:inst5|16bit_fulladder:inst|2bit_BCLA:inst                          ; 2bit_BCLA            ; work         ;
;          |carry_lookahead:inst18|   ; 1 (1)               ; 0 (0)                     ; 0           ; 0            ; 0       ; 0         ; 0    ; 0            ; |Machine|ALU:inst5|16bit_fulladder:inst|carry_lookahead:inst18                  ; carry_lookahead      ; work         ;
;          |carry_lookahead:inst20|   ; 2 (2)               ; 0 (0)                     ; 0           ; 0            ; 0       ; 0         ; 0    ; 0            ; |Machine|ALU:inst5|16bit_fulladder:inst|carry_lookahead:inst20                  ; carry_lookahead      ; work         ;
;          |carry_lookahead:inst22|   ; 1 (1)               ; 0 (0)                     ; 0           ; 0            ; 0       ; 0         ; 0    ; 0            ; |Machine|ALU:inst5|16bit_fulladder:inst|carry_lookahead:inst22                  ; carry_lookahead      ; work         ;
;          |carry_lookahead:inst24|   ; 1 (1)               ; 0 (0)                     ; 0           ; 0            ; 0       ; 0         ; 0    ; 0            ; |Machine|ALU:inst5|16bit_fulladder:inst|carry_lookahead:inst24                  ; carry_lookahead      ; work         ;
;          |carry_lookahead:inst26|   ; 1 (1)               ; 0 (0)                     ; 0           ; 0            ; 0       ; 0         ; 0    ; 0            ; |Machine|ALU:inst5|16bit_fulladder:inst|carry_lookahead:inst26                  ; carry_lookahead      ; work         ;
;       |simplemultiplexor:inst19|    ; 15 (0)              ; 0 (0)                     ; 0           ; 0            ; 0       ; 0         ; 0    ; 0            ; |Machine|ALU:inst5|simplemultiplexor:inst19                                     ; simplemultiplexor    ; work         ;
;          |16bit_or:inst35|          ; 15 (15)             ; 0 (0)                     ; 0           ; 0            ; 0       ; 0         ; 0    ; 0            ; |Machine|ALU:inst5|simplemultiplexor:inst19|16bit_or:inst35                     ; 16bit_or             ; work         ;
;       |simplemultiplexor:inst21|    ; 48 (0)              ; 0 (0)                     ; 0           ; 0            ; 0       ; 0         ; 0    ; 0            ; |Machine|ALU:inst5|simplemultiplexor:inst21                                     ; simplemultiplexor    ; work         ;
;          |16bit_or:inst35|          ; 48 (48)             ; 0 (0)                     ; 0           ; 0            ; 0       ; 0         ; 0    ; 0            ; |Machine|ALU:inst5|simplemultiplexor:inst21|16bit_or:inst35                     ; 16bit_or             ; work         ;
;    |commandor:inst8|                ; 5 (1)               ; 0 (0)                     ; 0           ; 0            ; 0       ; 0         ; 0    ; 0            ; |Machine|commandor:inst8                                                        ; commandor            ; work         ;
;       |5bit_multiplexor:inst8|      ; 4 (4)               ; 0 (0)                     ; 0           ; 0            ; 0       ; 0         ; 0    ; 0            ; |Machine|commandor:inst8|5bit_multiplexor:inst8                                 ; 5bit_multiplexor     ; work         ;
;    |register:inst3|                 ; 743 (0)             ; 496 (0)                   ; 0           ; 0            ; 0       ; 0         ; 0    ; 0            ; |Machine|register:inst3                                                         ; register             ; work         ;
;       |16bit_register_1part:inst10| ; 0 (0)               ; 16 (16)                   ; 0           ; 0            ; 0       ; 0         ; 0    ; 0            ; |Machine|register:inst3|16bit_register_1part:inst10                             ; 16bit_register_1part ; work         ;
;       |16bit_register_1part:inst11| ; 0 (0)               ; 16 (16)                   ; 0           ; 0            ; 0       ; 0         ; 0    ; 0            ; |Machine|register:inst3|16bit_register_1part:inst11                             ; 16bit_register_1part ; work         ;
;       |16bit_register_1part:inst12| ; 0 (0)               ; 16 (16)                   ; 0           ; 0            ; 0       ; 0         ; 0    ; 0            ; |Machine|register:inst3|16bit_register_1part:inst12                             ; 16bit_register_1part ; work         ;
;       |16bit_register_1part:inst13| ; 0 (0)               ; 16 (16)                   ; 0           ; 0            ; 0       ; 0         ; 0    ; 0            ; |Machine|register:inst3|16bit_register_1part:inst13                             ; 16bit_register_1part ; work         ;
;       |16bit_register_1part:inst14| ; 0 (0)               ; 16 (16)                   ; 0           ; 0            ; 0       ; 0         ; 0    ; 0            ; |Machine|register:inst3|16bit_register_1part:inst14                             ; 16bit_register_1part ; work         ;
;       |16bit_register_1part:inst15| ; 0 (0)               ; 16 (16)                   ; 0           ; 0            ; 0       ; 0         ; 0    ; 0            ; |Machine|register:inst3|16bit_register_1part:inst15                             ; 16bit_register_1part ; work         ;
;       |16bit_register_1part:inst16| ; 0 (0)               ; 16 (16)                   ; 0           ; 0            ; 0       ; 0         ; 0    ; 0            ; |Machine|register:inst3|16bit_register_1part:inst16                             ; 16bit_register_1part ; work         ;
;       |16bit_register_1part:inst17| ; 0 (0)               ; 16 (16)                   ; 0           ; 0            ; 0       ; 0         ; 0    ; 0            ; |Machine|register:inst3|16bit_register_1part:inst17                             ; 16bit_register_1part ; work         ;
;       |16bit_register_1part:inst18| ; 0 (0)               ; 16 (16)                   ; 0           ; 0            ; 0       ; 0         ; 0    ; 0            ; |Machine|register:inst3|16bit_register_1part:inst18                             ; 16bit_register_1part ; work         ;
;       |16bit_register_1part:inst19| ; 0 (0)               ; 16 (16)                   ; 0           ; 0            ; 0       ; 0         ; 0    ; 0            ; |Machine|register:inst3|16bit_register_1part:inst19                             ; 16bit_register_1part ; work         ;
;       |16bit_register_1part:inst1|  ; 0 (0)               ; 16 (16)                   ; 0           ; 0            ; 0       ; 0         ; 0    ; 0            ; |Machine|register:inst3|16bit_register_1part:inst1                              ; 16bit_register_1part ; work         ;
;       |16bit_register_1part:inst20| ; 0 (0)               ; 16 (16)                   ; 0           ; 0            ; 0       ; 0         ; 0    ; 0            ; |Machine|register:inst3|16bit_register_1part:inst20                             ; 16bit_register_1part ; work         ;
;       |16bit_register_1part:inst21| ; 0 (0)               ; 16 (16)                   ; 0           ; 0            ; 0       ; 0         ; 0    ; 0            ; |Machine|register:inst3|16bit_register_1part:inst21                             ; 16bit_register_1part ; work         ;
;       |16bit_register_1part:inst22| ; 0 (0)               ; 16 (16)                   ; 0           ; 0            ; 0       ; 0         ; 0    ; 0            ; |Machine|register:inst3|16bit_register_1part:inst22                             ; 16bit_register_1part ; work         ;
;       |16bit_register_1part:inst23| ; 0 (0)               ; 16 (16)                   ; 0           ; 0            ; 0       ; 0         ; 0    ; 0            ; |Machine|register:inst3|16bit_register_1part:inst23                             ; 16bit_register_1part ; work         ;
;       |16bit_register_1part:inst24| ; 0 (0)               ; 16 (16)                   ; 0           ; 0            ; 0       ; 0         ; 0    ; 0            ; |Machine|register:inst3|16bit_register_1part:inst24                             ; 16bit_register_1part ; work         ;
;       |16bit_register_1part:inst25| ; 0 (0)               ; 16 (16)                   ; 0           ; 0            ; 0       ; 0         ; 0    ; 0            ; |Machine|register:inst3|16bit_register_1part:inst25                             ; 16bit_register_1part ; work         ;
;       |16bit_register_1part:inst26| ; 0 (0)               ; 16 (16)                   ; 0           ; 0            ; 0       ; 0         ; 0    ; 0            ; |Machine|register:inst3|16bit_register_1part:inst26                             ; 16bit_register_1part ; work         ;
;       |16bit_register_1part:inst27| ; 0 (0)               ; 16 (16)                   ; 0           ; 0            ; 0       ; 0         ; 0    ; 0            ; |Machine|register:inst3|16bit_register_1part:inst27                             ; 16bit_register_1part ; work         ;
;       |16bit_register_1part:inst28| ; 0 (0)               ; 16 (16)                   ; 0           ; 0            ; 0       ; 0         ; 0    ; 0            ; |Machine|register:inst3|16bit_register_1part:inst28                             ; 16bit_register_1part ; work         ;
;       |16bit_register_1part:inst29| ; 0 (0)               ; 16 (16)                   ; 0           ; 0            ; 0       ; 0         ; 0    ; 0            ; |Machine|register:inst3|16bit_register_1part:inst29                             ; 16bit_register_1part ; work         ;
;       |16bit_register_1part:inst2|  ; 0 (0)               ; 16 (16)                   ; 0           ; 0            ; 0       ; 0         ; 0    ; 0            ; |Machine|register:inst3|16bit_register_1part:inst2                              ; 16bit_register_1part ; work         ;
;       |16bit_register_1part:inst30| ; 0 (0)               ; 16 (16)                   ; 0           ; 0            ; 0       ; 0         ; 0    ; 0            ; |Machine|register:inst3|16bit_register_1part:inst30                             ; 16bit_register_1part ; work         ;
;       |16bit_register_1part:inst31| ; 0 (0)               ; 16 (16)                   ; 0           ; 0            ; 0       ; 0         ; 0    ; 0            ; |Machine|register:inst3|16bit_register_1part:inst31                             ; 16bit_register_1part ; work         ;
;       |16bit_register_1part:inst3|  ; 0 (0)               ; 16 (16)                   ; 0           ; 0            ; 0       ; 0         ; 0    ; 0            ; |Machine|register:inst3|16bit_register_1part:inst3                              ; 16bit_register_1part ; work         ;
;       |16bit_register_1part:inst4|  ; 0 (0)               ; 16 (16)                   ; 0           ; 0            ; 0       ; 0         ; 0    ; 0            ; |Machine|register:inst3|16bit_register_1part:inst4                              ; 16bit_register_1part ; work         ;
;       |16bit_register_1part:inst5|  ; 0 (0)               ; 16 (16)                   ; 0           ; 0            ; 0       ; 0         ; 0    ; 0            ; |Machine|register:inst3|16bit_register_1part:inst5                              ; 16bit_register_1part ; work         ;
;       |16bit_register_1part:inst6|  ; 0 (0)               ; 16 (16)                   ; 0           ; 0            ; 0       ; 0         ; 0    ; 0            ; |Machine|register:inst3|16bit_register_1part:inst6                              ; 16bit_register_1part ; work         ;
;       |16bit_register_1part:inst7|  ; 0 (0)               ; 16 (16)                   ; 0           ; 0            ; 0       ; 0         ; 0    ; 0            ; |Machine|register:inst3|16bit_register_1part:inst7                              ; 16bit_register_1part ; work         ;
;       |16bit_register_1part:inst8|  ; 0 (0)               ; 16 (16)                   ; 0           ; 0            ; 0       ; 0         ; 0    ; 0            ; |Machine|register:inst3|16bit_register_1part:inst8                              ; 16bit_register_1part ; work         ;
;       |16bit_register_1part:inst9|  ; 0 (0)               ; 16 (16)                   ; 0           ; 0            ; 0       ; 0         ; 0    ; 0            ; |Machine|register:inst3|16bit_register_1part:inst9                              ; 16bit_register_1part ; work         ;
;       |select_convayer:inst111|     ; 2 (2)               ; 0 (0)                     ; 0           ; 0            ; 0       ; 0         ; 0    ; 0            ; |Machine|register:inst3|select_convayer:inst111                                 ; select_convayer      ; work         ;
;       |select_convayer:inst112|     ; 2 (2)               ; 0 (0)                     ; 0           ; 0            ; 0       ; 0         ; 0    ; 0            ; |Machine|register:inst3|select_convayer:inst112                                 ; select_convayer      ; work         ;
;       |select_convayer:inst113|     ; 3 (3)               ; 0 (0)                     ; 0           ; 0            ; 0       ; 0         ; 0    ; 0            ; |Machine|register:inst3|select_convayer:inst113                                 ; select_convayer      ; work         ;
;       |select_convayer:inst114|     ; 2 (2)               ; 0 (0)                     ; 0           ; 0            ; 0       ; 0         ; 0    ; 0            ; |Machine|register:inst3|select_convayer:inst114                                 ; select_convayer      ; work         ;
;       |select_convayer:inst115|     ; 3 (3)               ; 0 (0)                     ; 0           ; 0            ; 0       ; 0         ; 0    ; 0            ; |Machine|register:inst3|select_convayer:inst115                                 ; select_convayer      ; work         ;
;       |select_convayer:inst116|     ; 4 (4)               ; 0 (0)                     ; 0           ; 0            ; 0       ; 0         ; 0    ; 0            ; |Machine|register:inst3|select_convayer:inst116                                 ; select_convayer      ; work         ;
;       |select_convayer:inst117|     ; 2 (2)               ; 0 (0)                     ; 0           ; 0            ; 0       ; 0         ; 0    ; 0            ; |Machine|register:inst3|select_convayer:inst117                                 ; select_convayer      ; work         ;
;       |select_convayer:inst118|     ; 2 (2)               ; 0 (0)                     ; 0           ; 0            ; 0       ; 0         ; 0    ; 0            ; |Machine|register:inst3|select_convayer:inst118                                 ; select_convayer      ; work         ;
;       |select_convayer:inst119|     ; 2 (2)               ; 0 (0)                     ; 0           ; 0            ; 0       ; 0         ; 0    ; 0            ; |Machine|register:inst3|select_convayer:inst119                                 ; select_convayer      ; work         ;
;       |select_convayer:inst120|     ; 2 (2)               ; 0 (0)                     ; 0           ; 0            ; 0       ; 0         ; 0    ; 0            ; |Machine|register:inst3|select_convayer:inst120                                 ; select_convayer      ; work         ;
;       |select_convayer:inst121|     ; 3 (3)               ; 0 (0)                     ; 0           ; 0            ; 0       ; 0         ; 0    ; 0            ; |Machine|register:inst3|select_convayer:inst121                                 ; select_convayer      ; work         ;
;       |select_convayer:inst122|     ; 3 (3)               ; 0 (0)                     ; 0           ; 0            ; 0       ; 0         ; 0    ; 0            ; |Machine|register:inst3|select_convayer:inst122                                 ; select_convayer      ; work         ;
;       |select_convayer:inst123|     ; 2 (2)               ; 0 (0)                     ; 0           ; 0            ; 0       ; 0         ; 0    ; 0            ; |Machine|register:inst3|select_convayer:inst123                                 ; select_convayer      ; work         ;
;       |select_convayer:inst124|     ; 2 (2)               ; 0 (0)                     ; 0           ; 0            ; 0       ; 0         ; 0    ; 0            ; |Machine|register:inst3|select_convayer:inst124                                 ; select_convayer      ; work         ;
;       |select_convayer:inst125|     ; 2 (2)               ; 0 (0)                     ; 0           ; 0            ; 0       ; 0         ; 0    ; 0            ; |Machine|register:inst3|select_convayer:inst125                                 ; select_convayer      ; work         ;
;       |select_convayer:inst126|     ; 2 (2)               ; 0 (0)                     ; 0           ; 0            ; 0       ; 0         ; 0    ; 0            ; |Machine|register:inst3|select_convayer:inst126                                 ; select_convayer      ; work         ;
;       |simplemultiplexor:inst105|   ; 106 (0)             ; 0 (0)                     ; 0           ; 0            ; 0       ; 0         ; 0    ; 0            ; |Machine|register:inst3|simplemultiplexor:inst105                               ; simplemultiplexor    ; work         ;
;          |16bit_or:inst35|          ; 106 (106)           ; 0 (0)                     ; 0           ; 0            ; 0       ; 0         ; 0    ; 0            ; |Machine|register:inst3|simplemultiplexor:inst105|16bit_or:inst35               ; 16bit_or             ; work         ;
;       |simplemultiplexor:inst107|   ; 130 (0)             ; 0 (0)                     ; 0           ; 0            ; 0       ; 0         ; 0    ; 0            ; |Machine|register:inst3|simplemultiplexor:inst107                               ; simplemultiplexor    ; work         ;
;          |16bit_or:inst35|          ; 130 (130)           ; 0 (0)                     ; 0           ; 0            ; 0       ; 0         ; 0    ; 0            ; |Machine|register:inst3|simplemultiplexor:inst107|16bit_or:inst35               ; 16bit_or             ; work         ;
;       |simplemultiplexor:inst109|   ; 113 (0)             ; 0 (0)                     ; 0           ; 0            ; 0       ; 0         ; 0    ; 0            ; |Machine|register:inst3|simplemultiplexor:inst109                               ; simplemultiplexor    ; work         ;
;          |16bit_and:inst18|         ; 26 (26)             ; 0 (0)                     ; 0           ; 0            ; 0       ; 0         ; 0    ; 0            ; |Machine|register:inst3|simplemultiplexor:inst109|16bit_and:inst18              ; 16bit_and            ; work         ;
;          |16bit_and:inst|           ; 12 (12)             ; 0 (0)                     ; 0           ; 0            ; 0       ; 0         ; 0    ; 0            ; |Machine|register:inst3|simplemultiplexor:inst109|16bit_and:inst                ; 16bit_and            ; work         ;
;          |16bit_or:inst35|          ; 75 (75)             ; 0 (0)                     ; 0           ; 0            ; 0       ; 0         ; 0    ; 0            ; |Machine|register:inst3|simplemultiplexor:inst109|16bit_or:inst35               ; 16bit_or             ; work         ;
;       |simplemultiplexor:inst110|   ; 325 (0)             ; 0 (0)                     ; 0           ; 0            ; 0       ; 0         ; 0    ; 0            ; |Machine|register:inst3|simplemultiplexor:inst110                               ; simplemultiplexor    ; work         ;
;          |16bit_or:inst35|          ; 325 (325)           ; 0 (0)                     ; 0           ; 0            ; 0       ; 0         ; 0    ; 0            ; |Machine|register:inst3|simplemultiplexor:inst110|16bit_or:inst35               ; 16bit_or             ; work         ;
;       |simplemultiplexor:inst32|    ; 16 (0)              ; 0 (0)                     ; 0           ; 0            ; 0       ; 0         ; 0    ; 0            ; |Machine|register:inst3|simplemultiplexor:inst32                                ; simplemultiplexor    ; work         ;
;          |16bit_and:inst|           ; 16 (16)             ; 0 (0)                     ; 0           ; 0            ; 0       ; 0         ; 0    ; 0            ; |Machine|register:inst3|simplemultiplexor:inst32|16bit_and:inst                 ; 16bit_and            ; work         ;
;       |simplemultiplexor:inst47|    ; 15 (0)              ; 0 (0)                     ; 0           ; 0            ; 0       ; 0         ; 0    ; 0            ; |Machine|register:inst3|simplemultiplexor:inst47                                ; simplemultiplexor    ; work         ;
;          |16bit_and:inst|           ; 15 (15)             ; 0 (0)                     ; 0           ; 0            ; 0       ; 0         ; 0    ; 0            ; |Machine|register:inst3|simplemultiplexor:inst47|16bit_and:inst                 ; 16bit_and            ; work         ;
;    |simplemultiplexor:inst4|        ; 44 (0)              ; 0 (0)                     ; 0           ; 0            ; 0       ; 0         ; 0    ; 0            ; |Machine|simplemultiplexor:inst4                                                ; simplemultiplexor    ; work         ;
;       |16bit_and:inst18|            ; 16 (16)             ; 0 (0)                     ; 0           ; 0            ; 0       ; 0         ; 0    ; 0            ; |Machine|simplemultiplexor:inst4|16bit_and:inst18                               ; 16bit_and            ; work         ;
;       |16bit_and:inst|              ; 16 (16)             ; 0 (0)                     ; 0           ; 0            ; 0       ; 0         ; 0    ; 0            ; |Machine|simplemultiplexor:inst4|16bit_and:inst                                 ; 16bit_and            ; work         ;
;       |16bit_or:inst35|             ; 12 (12)             ; 0 (0)                     ; 0           ; 0            ; 0       ; 0         ; 0    ; 0            ; |Machine|simplemultiplexor:inst4|16bit_or:inst35                                ; 16bit_or             ; work         ;
+-------------------------------------+---------------------+---------------------------+-------------+--------------+---------+-----------+------+--------------+---------------------------------------------------------------------------------+----------------------+--------------+
Note: For table entries with two numbers listed, the numbers in parentheses indicate the number of resources of the given type used by the specific entity alone. The numbers listed outside of parentheses indicate the total resources of the given type used by the specific entity and all of its sub-entities in the hierarchy.


+------------------------------------------------------------------------------------------------+
; Registers Removed During Synthesis                                                             ;
+-------------------------------------------------------+----------------------------------------+
; Register name                                         ; Reason for Removal                     ;
+-------------------------------------------------------+----------------------------------------+
; register:inst3|16bit_register_1part:inst0|inst[0..3]  ; Stuck at GND due to stuck port data_in ;
; register:inst3|16bit_register_1part:inst0|inst2[0..3] ; Stuck at GND due to stuck port data_in ;
; register:inst3|16bit_register_1part:inst0|inst3[0..3] ; Stuck at GND due to stuck port data_in ;
; register:inst3|16bit_register_1part:inst0|inst4[0..3] ; Stuck at GND due to stuck port data_in ;
; Total Number of Removed Registers = 16                ;                                        ;
+-------------------------------------------------------+----------------------------------------+


+------------------------------------------------------+
; General Register Statistics                          ;
+----------------------------------------------+-------+
; Statistic                                    ; Value ;
+----------------------------------------------+-------+
; Total registers                              ; 544   ;
; Number of registers using Synchronous Clear  ; 0     ;
; Number of registers using Synchronous Load   ; 0     ;
; Number of registers using Asynchronous Clear ; 544   ;
; Number of registers using Asynchronous Load  ; 0     ;
; Number of registers using Clock Enable       ; 0     ;
; Number of registers using Preset             ; 0     ;
+----------------------------------------------+-------+


+----------------------------------------------------------------------------------------------------------------------------------------------------------------------------------------+
; Multiplexer Restructuring Statistics (Restructuring Performed)                                                                                                                         ;
+--------------------+-----------+---------------+----------------------+------------------------+------------+--------------------------------------------------------------------------+
; Multiplexer Inputs ; Bus Width ; Baseline Area ; Area if Restructured ; Saving if Restructured ; Registered ; Example Multiplexer Output                                               ;
+--------------------+-----------+---------------+----------------------+------------------------+------------+--------------------------------------------------------------------------+
; 3:1                ; 15 bits   ; 30 LEs        ; 30 LEs               ; 0 LEs                  ; No         ; |Machine|ALU:inst5|simplemultiplexor:inst21|16bit_or:inst35|inst2        ;
; 15:1               ; 13 bits   ; 130 LEs       ; 130 LEs              ; 0 LEs                  ; No         ; |Machine|register:inst3|simplemultiplexor:inst105|16bit_or:inst35|inst7  ;
; 16:1               ; 13 bits   ; 130 LEs       ; 130 LEs              ; 0 LEs                  ; No         ; |Machine|register:inst3|simplemultiplexor:inst107|16bit_or:inst35|inst2  ;
; 31:1               ; 16 bits   ; 320 LEs       ; 320 LEs              ; 0 LEs                  ; No         ; |Machine|register:inst3|simplemultiplexor:inst110|16bit_or:inst35|inst14 ;
; 31:1               ; 3 bits    ; 60 LEs        ; 60 LEs               ; 0 LEs                  ; No         ; |Machine|register:inst3|simplemultiplexor:inst109|16bit_or:inst35|inst1  ;
+--------------------+-----------+---------------+----------------------+------------------------+------------+--------------------------------------------------------------------------+


+-----------------------------------------------------+
; Post-Synthesis Netlist Statistics for Top Partition ;
+-----------------------+-----------------------------+
; Type                  ; Count                       ;
+-----------------------+-----------------------------+
; boundary_port         ; 50                          ;
; cycloneiii_ff         ; 544                         ;
;     CLR               ; 544                         ;
; cycloneiii_lcell_comb ; 957                         ;
;     normal            ; 957                         ;
;         2 data inputs ; 54                          ;
;         3 data inputs ; 63                          ;
;         4 data inputs ; 840                         ;
;                       ;                             ;
; Max LUT depth         ; 17.00                       ;
; Average LUT depth     ; 12.38                       ;
+-----------------------+-----------------------------+


+-------------------------------+
; Elapsed Time Per Partition    ;
+----------------+--------------+
; Partition Name ; Elapsed Time ;
+----------------+--------------+
; Top            ; 00:00:04     ;
+----------------+--------------+


+-------------------------------+
; Analysis & Synthesis Messages ;
+-------------------------------+
Info: *******************************************************************
Info: Running Quartus Prime Analysis & Synthesis
    Info: Version 17.1.0 Build 590 10/25/2017 SJ Lite Edition
    Info: Processing started: Mon Jan 14 18:21:24 2019
Info: Command: quartus_map --read_settings_files=on --write_settings_files=off Machine -c Machine
Warning (18236): Number of processors has not been specified which may cause overloading on shared machines.  Set the global assignment NUM_PARALLEL_PROCESSORS in your QSF to an appropriate value for best performance.
Info (20030): Parallel compilation is enabled and will use 2 of the 2 processors detected
Info (12021): Found 1 design units, including 1 entities, in source file /public/fpga/cad/mission1/celectgate.bdf
    Info (12023): Found entity 1: celectgate
Info (12021): Found 1 design units, including 1 entities, in source file /public/fpga/cad/mission1/carry_lookahead.bdf
    Info (12023): Found entity 1: carry_lookahead
Info (12021): Found 1 design units, including 1 entities, in source file /public/fpga/cad/mission1/16bit_xor.bdf
    Info (12023): Found entity 1: 16bit_xor
Info (12021): Found 1 design units, including 1 entities, in source file /public/fpga/cad/mission1/switchingvcc.bdf
    Info (12023): Found entity 1: switchingVCC
Info (12021): Found 1 design units, including 1 entities, in source file /public/fpga/cad/mission1/16bit_fulladder.bdf
    Info (12023): Found entity 1: 16bit_fulladder
Info (12021): Found 1 design units, including 1 entities, in source file /public/fpga/cad/mission1/16bit_flipsign.bdf
    Info (12023): Found entity 1: 16bit_flipsign
Info (12021): Found 1 design units, including 1 entities, in source file /public/fpga/cad/mission1/4bit_to_16out.bdf
    Info (12023): Found entity 1: 4bit_to_16out
Info (12021): Found 1 design units, including 1 entities, in source file /public/fpga/cad/mission1/2bit_bcla.bdf
    Info (12023): Found entity 1: 2bit_BCLA
Info (12021): Found 1 design units, including 1 entities, in source file /public/fpga/cad/mission1/16bit_or.bdf
    Info (12023): Found entity 1: 16bit_or
Info (12021): Found 1 design units, including 1 entities, in source file /public/fpga/cad/mission1/16bit_and.bdf
    Info (12023): Found entity 1: 16bit_and
Info (12021): Found 1 design units, including 1 entities, in source file /public/fpga/cad/mission1/alu.bdf
    Info (12023): Found entity 1: ALU
Info (12021): Found 1 design units, including 1 entities, in source file /public/fpga/cad/mission1/simplemultiplexor.bdf
    Info (12023): Found entity 1: simplemultiplexor
Info (12021): Found 1 design units, including 1 entities, in source file machine.bdf
    Info (12023): Found entity 1: Machine
Info (12021): Found 1 design units, including 1 entities, in source file register.bdf
    Info (12023): Found entity 1: register
Info (12021): Found 1 design units, including 1 entities, in source file 16bit_register_1part.bdf
    Info (12023): Found entity 1: 16bit_register_1part
Info (12021): Found 1 design units, including 1 entities, in source file select_convayer.bdf
    Info (12023): Found entity 1: select_convayer
Info (12021): Found 1 design units, including 1 entities, in source file 5bit_switch.bdf
    Info (12023): Found entity 1: 5bit_switch
Info (12021): Found 1 design units, including 1 entities, in source file commandor.bdf
    Info (12023): Found entity 1: commandor
Info (12021): Found 1 design units, including 1 entities, in source file 5bit_multiplexor.bdf
    Info (12023): Found entity 1: 5bit_multiplexor
Info (12021): Found 1 design units, including 1 entities, in source file testreg.bdf
    Info (12023): Found entity 1: testReg
Info (12127): Elaborating entity "Machine" for the top level hierarchy
Info (12128): Elaborating entity "16bit_register_1part" for hierarchy "16bit_register_1part:inst6"
Info (12128): Elaborating entity "ALU" for hierarchy "ALU:inst5"
Warning (275043): Pin "cond[3..0]" is missing source
Info (12128): Elaborating entity "simplemultiplexor" for hierarchy "ALU:inst5|simplemultiplexor:inst24"
Info (12128): Elaborating entity "16bit_or" for hierarchy "ALU:inst5|simplemultiplexor:inst24|16bit_or:inst35"
Info (12128): Elaborating entity "16bit_and" for hierarchy "ALU:inst5|simplemultiplexor:inst24|16bit_and:inst18"
Info (12128): Elaborating entity "16bit_fulladder" for hierarchy "ALU:inst5|16bit_fulladder:inst16"
Warning (275011): Block or symbol "carry_lookahead" of instance "inst17" overlaps another block or symbol
Info (12128): Elaborating entity "2bit_BCLA" for hierarchy "ALU:inst5|16bit_fulladder:inst16|2bit_BCLA:inst14"
Info (12128): Elaborating entity "carry_lookahead" for hierarchy "ALU:inst5|16bit_fulladder:inst16|carry_lookahead:inst16"
Info (12128): Elaborating entity "16bit_flipsign" for hierarchy "ALU:inst5|16bit_flipsign:inst17"
Info (12128): Elaborating entity "16bit_xor" for hierarchy "ALU:inst5|16bit_flipsign:inst17|16bit_xor:inst"
Info (12128): Elaborating entity "register" for hierarchy "register:inst3"
Info (12128): Elaborating entity "select_convayer" for hierarchy "register:inst3|select_convayer:inst111"
Info (12128): Elaborating entity "5bit_multiplexor" for hierarchy "5bit_multiplexor:inst7"
Warning (275083): Bus "out0[4..0]" found using same base name as "out", which might lead to a name conflict.
Warning (275083): Bus "out1[4..0]" found using same base name as "out", which might lead to a name conflict.
Warning (275083): Bus "out0[0]" found using same base name as "out", which might lead to a name conflict.
Warning (275083): Bus "out1[0]" found using same base name as "out", which might lead to a name conflict.
Warning (275083): Bus "out0[1]" found using same base name as "out", which might lead to a name conflict.
Warning (275083): Bus "out1[1]" found using same base name as "out", which might lead to a name conflict.
Warning (275083): Bus "out0[2]" found using same base name as "out", which might lead to a name conflict.
Warning (275083): Bus "out1[2]" found using same base name as "out", which might lead to a name conflict.
Warning (275083): Bus "out0[3]" found using same base name as "out", which might lead to a name conflict.
Warning (275083): Bus "out1[3]" found using same base name as "out", which might lead to a name conflict.
Warning (275083): Bus "out0[4]" found using same base name as "out", which might lead to a name conflict.
Warning (275083): Bus "out1[4]" found using same base name as "out", which might lead to a name conflict.
Warning (275080): Converted elements in bus name "out" using legacy naming rules. Make any assignments on the new names, not on the original names.
    Warning (275081): Converted element name(s) from "out[4..0]" to "out4..0"
Warning (275080): Converted elements in bus name "out0" using legacy naming rules. Make any assignments on the new names, not on the original names.
    Warning (275081): Converted element name(s) from "out0[4..0]" to "out04..0"
    Warning (275081): Converted element name(s) from "out0[0]" to "out00"
    Warning (275081): Converted element name(s) from "out0[1]" to "out01"
    Warning (275081): Converted element name(s) from "out0[2]" to "out02"
    Warning (275081): Converted element name(s) from "out0[3]" to "out03"
    Warning (275081): Converted element name(s) from "out0[4]" to "out04"
Warning (275080): Converted elements in bus name "out1" using legacy naming rules. Make any assignments on the new names, not on the original names.
    Warning (275081): Converted element name(s) from "out1[4..0]" to "out14..0"
    Warning (275081): Converted element name(s) from "out1[0]" to "out10"
    Warning (275081): Converted element name(s) from "out1[1]" to "out11"
    Warning (275081): Converted element name(s) from "out1[2]" to "out12"
    Warning (275081): Converted element name(s) from "out1[3]" to "out13"
    Warning (275081): Converted element name(s) from "out1[4]" to "out14"
Info (12128): Elaborating entity "5bit_switch" for hierarchy "5bit_multiplexor:inst7|5bit_switch:inst1"
Info (12128): Elaborating entity "commandor" for hierarchy "commandor:inst8"
Warning (19016): Clock multiplexers are found and protected
    Warning (19017): Found clock multiplexer 5bit_multiplexor:inst7|inst3~0
    Warning (19017): Found clock multiplexer 5bit_multiplexor:inst7|inst4~0
    Warning (19017): Found clock multiplexer 5bit_multiplexor:inst7|inst5~0
    Warning (19017): Found clock multiplexer 5bit_multiplexor:inst7|inst6~0
    Warning (19017): Found clock multiplexer 5bit_multiplexor:inst7|inst7~0
Info (286030): Timing-Driven Synthesis is running
Info (16010): Generating hard_block partition "hard_block:auto_generated_inst"
    Info (16011): Adding 0 node(s), including 0 DDIO, 0 PLL, 0 transceiver and 0 LCELL
Info (21057): Implemented 1551 device resources after synthesis - the final resource count might be different
    Info (21058): Implemented 34 input pins
    Info (21059): Implemented 16 output pins
    Info (21061): Implemented 1501 logic cells
Info: Quartus Prime Analysis & Synthesis was successful. 0 errors, 37 warnings
    Info: Peak virtual memory: 4779 megabytes
    Info: Processing ended: Mon Jan 14 18:21:47 2019
    Info: Elapsed time: 00:00:23
    Info: Total CPU time (on all processors): 00:00:41


